c:\users\wingh\onedrive\文件\github\gamma\project\vs2019\debug\vc142.pdb
c:\users\wingh\onedrive\文件\github\gamma\project\vs2019\debug\vc142.idb
c:\users\wingh\onedrive\文件\github\gamma\project\vs2019\debug\timer.obj
c:\users\wingh\onedrive\文件\github\gamma\project\vs2019\debug\soundfile.obj
c:\users\wingh\onedrive\文件\github\gamma\project\vs2019\debug\scl.obj
c:\users\wingh\onedrive\文件\github\gamma\project\vs2019\debug\scheduler.obj
c:\users\wingh\onedrive\文件\github\gamma\project\vs2019\debug\recorder.obj
c:\users\wingh\onedrive\文件\github\gamma\project\vs2019\debug\print.obj
c:\users\wingh\onedrive\文件\github\gamma\project\vs2019\debug\fft_fftpack.obj
c:\users\wingh\onedrive\文件\github\gamma\project\vs2019\debug\fftpack++2.obj
c:\users\wingh\onedrive\文件\github\gamma\project\vs2019\debug\fftpack++1.obj
c:\users\wingh\onedrive\文件\github\gamma\project\vs2019\debug\domain.obj
c:\users\wingh\onedrive\文件\github\gamma\project\vs2019\debug\dft.obj
c:\users\wingh\onedrive\文件\github\gamma\project\vs2019\debug\conversion.obj
c:\users\wingh\onedrive\文件\github\gamma\project\vs2019\debug\audioio.obj
c:\users\wingh\onedrive\文件\github\gamma\project\vs2019\debug\arr.obj
c:\users\wingh\onedrive\文件\github\gamma\project\vs2019\debug\soundfilex.obj
c:\users\wingh\onedrive\文件\github\gamma\project\vs2019\debug\vs2019.pdb
c:\users\wingh\onedrive\文件\github\gamma\project\vs2019\debug\vs2019.tlog\cl.command.1.tlog
c:\users\wingh\onedrive\文件\github\gamma\project\vs2019\debug\vs2019.tlog\cl.read.1.tlog
c:\users\wingh\onedrive\文件\github\gamma\project\vs2019\debug\vs2019.tlog\cl.write.1.tlog
c:\users\wingh\onedrive\文件\github\gamma\project\vs2019\debug\vs2019.tlog\link-cvtres.read.1.tlog
c:\users\wingh\onedrive\文件\github\gamma\project\vs2019\debug\vs2019.tlog\link-cvtres.write.1.tlog
c:\users\wingh\onedrive\文件\github\gamma\project\vs2019\debug\vs2019.tlog\link-rc.read.1.tlog
c:\users\wingh\onedrive\文件\github\gamma\project\vs2019\debug\vs2019.tlog\link-rc.write.1.tlog
c:\users\wingh\onedrive\文件\github\gamma\project\vs2019\debug\vs2019.tlog\link.command.1.tlog
c:\users\wingh\onedrive\文件\github\gamma\project\vs2019\debug\vs2019.tlog\link.read.1.tlog
c:\users\wingh\onedrive\文件\github\gamma\project\vs2019\debug\vs2019.tlog\link.write.1.tlog
